<?xml version="1.0" encoding="UTF-8"?>
<!-- Generated by org.testng.reporters.JUnitReportReporter -->
<testsuite skipped="0" hostname="DESKTOP-KHTEF8U" name="Qaclickacademy.mavanProject.RestApi" tests="2" failures="0" timestamp="23 Feb 2021 17:41:30 GMT" time="0.002" errors="0">
  <testcase name="demotest3" time="0.001" classname="Qaclickacademy.mavanProject.RestApi"/>
  <testcase name="demotest4" time="0.001" classname="Qaclickacademy.mavanProject.RestApi"/>
</testsuite> <!-- Qaclickacademy.mavanProject.RestApi -->
