<?xml version="1.0" encoding="UTF-8"?>
<!-- Generated by org.testng.reporters.JUnitReportReporter -->
<testsuite skipped="0" hostname="DESKTOP-KHTEF8U" name="Qaclickacademy.mavanProject.Appium" tests="2" failures="0" timestamp="23 Feb 2021 17:41:30 GMT" time="0.012" errors="0">
  <testcase name="demotest6" time="0.001" classname="Qaclickacademy.mavanProject.Appium"/>
  <testcase name="demotest5" time="0.011" classname="Qaclickacademy.mavanProject.Appium"/>
</testsuite> <!-- Qaclickacademy.mavanProject.Appium -->
