<?xml version="1.0" encoding="UTF-8"?>
<!-- Generated by org.testng.reporters.JUnitReportReporter -->
<testsuite skipped="0" hostname="DESKTOP-KHTEF8U" name="Qaclickacademy.mavanProject.RestApiTest" tests="2" failures="0" timestamp="24 Feb 2021 05:58:39 GMT" time="0.000" errors="0">
  <testcase name="demotest3" time="0.000" classname="Qaclickacademy.mavanProject.RestApiTest"/>
  <testcase name="demotest4" time="0.000" classname="Qaclickacademy.mavanProject.RestApiTest"/>
</testsuite> <!-- Qaclickacademy.mavanProject.RestApiTest -->
