<?xml version="1.0" encoding="UTF-8"?>
<!-- Generated by org.testng.reporters.JUnitReportReporter -->
<testsuite skipped="0" hostname="DESKTOP-KHTEF8U" name="Qaclickacademy.mavanProject.seleniumTest" tests="2" failures="0" timestamp="24 Feb 2021 05:58:39 GMT" time="0.001" errors="0">
  <testcase name="demotest1" time="0.001" classname="Qaclickacademy.mavanProject.seleniumTest"/>
  <testcase name="demotest2" time="0.000" classname="Qaclickacademy.mavanProject.seleniumTest"/>
</testsuite> <!-- Qaclickacademy.mavanProject.seleniumTest -->
